2014-12-24 06:11:00 Error: Fatal Error (4): syntax error, unexpected 'CakePlugin' (T_STRING), expecting function (T_FUNCTION) in [/Applications/MAMP/htdocs/moriken_web/app/Controller/AppController.php, line 34]
2014-12-24 06:11:00 Error: [FatalErrorException] syntax error, unexpected 'CakePlugin' (T_STRING), expecting function (T_FUNCTION)
Request URL: /moriken_web/
Stack Trace:
#0 /Applications/MAMP/htdocs/moriken_web/lib/Cake/Error/ErrorHandler.php(203): ErrorHandler::handleFatalError(4, 'syntax error, u...', '/Applications/M...', 34)
#1 [internal function]: ErrorHandler::handleError(4, 'syntax error, u...', '/Applications/M...', 34, Array)
#2 /Applications/MAMP/htdocs/moriken_web/lib/Cake/Core/App.php(931): call_user_func('ErrorHandler::h...', 4, 'syntax error, u...', '/Applications/M...', 34, Array)
#3 /Applications/MAMP/htdocs/moriken_web/lib/Cake/Core/App.php(904): App::_checkFatalError()
#4 [internal function]: App::shutdown()
#5 {main}
2015-05-13 13:58:59 Error: [MissingActionException] Action ProblemsController::problem_show() could not be found.
Exception Attributes: array (
  'controller' => 'ProblemsController',
  'action' => 'problem_show',
)
Request URL: /morikenweb/problems/problem_show
Stack Trace:
#0 /Applications/MAMP/htdocs/morikenweb/lib/Cake/Routing/Dispatcher.php(193): Controller->invokeAction(Object(CakeRequest))
#1 /Applications/MAMP/htdocs/morikenweb/lib/Cake/Routing/Dispatcher.php(167): Dispatcher->_invoke(Object(ProblemsController), Object(CakeRequest))
#2 /Applications/MAMP/htdocs/morikenweb/app/webroot/index.php(108): Dispatcher->dispatch(Object(CakeRequest), Object(CakeResponse))
#3 {main}
2015-05-13 14:03:54 Error: [MissingActionException] Action ProblemsController::problem_show() could not be found.
Exception Attributes: array (
  'controller' => 'ProblemsController',
  'action' => 'problem_show',
)
Request URL: /morikenweb/problems/problem_show
Stack Trace:
#0 /Applications/MAMP/htdocs/morikenweb/lib/Cake/Routing/Dispatcher.php(193): Controller->invokeAction(Object(CakeRequest))
#1 /Applications/MAMP/htdocs/morikenweb/lib/Cake/Routing/Dispatcher.php(167): Dispatcher->_invoke(Object(ProblemsController), Object(CakeRequest))
#2 /Applications/MAMP/htdocs/morikenweb/app/webroot/index.php(108): Dispatcher->dispatch(Object(CakeRequest), Object(CakeResponse))
#3 {main}
2015-05-13 14:12:17 Error: [MissingActionException] Action ProblemsController::problem_show() could not be found.
Exception Attributes: array (
  'controller' => 'ProblemsController',
  'action' => 'problem_show',
)
Request URL: /morikenweb/problems/problem_show
Stack Trace:
#0 /Applications/MAMP/htdocs/morikenweb/lib/Cake/Routing/Dispatcher.php(193): Controller->invokeAction(Object(CakeRequest))
#1 /Applications/MAMP/htdocs/morikenweb/lib/Cake/Routing/Dispatcher.php(167): Dispatcher->_invoke(Object(ProblemsController), Object(CakeRequest))
#2 /Applications/MAMP/htdocs/morikenweb/app/webroot/index.php(108): Dispatcher->dispatch(Object(CakeRequest), Object(CakeResponse))
#3 {main}
2015-05-13 15:24:11 Error: Fatal Error (4): syntax error, unexpected ';' in [/Applications/MAMP/htdocs/morikenweb/app/Controller/ProblemsController.php, line 8]
2015-05-13 15:24:11 Error: [FatalErrorException] syntax error, unexpected ';'
Request URL: /morikenweb/problems
Stack Trace:
#0 /Applications/MAMP/htdocs/morikenweb/lib/Cake/Error/ErrorHandler.php(203): ErrorHandler::handleFatalError(4, 'syntax error, u...', '/Applications/M...', 8)
#1 [internal function]: ErrorHandler::handleError(4, 'syntax error, u...', '/Applications/M...', 8, Array)
#2 /Applications/MAMP/htdocs/morikenweb/lib/Cake/Core/App.php(931): call_user_func('ErrorHandler::h...', 4, 'syntax error, u...', '/Applications/M...', 8, Array)
#3 /Applications/MAMP/htdocs/morikenweb/lib/Cake/Core/App.php(904): App::_checkFatalError()
#4 [internal function]: App::shutdown()
#5 {main}
2015-05-13 15:24:52 Error: Fatal Error (4): syntax error, unexpected ';' in [/Applications/MAMP/htdocs/morikenweb/app/Controller/ProblemsController.php, line 7]
2015-05-13 15:24:52 Error: [FatalErrorException] syntax error, unexpected ';'
Request URL: /morikenweb/problems
Stack Trace:
#0 /Applications/MAMP/htdocs/morikenweb/lib/Cake/Error/ErrorHandler.php(203): ErrorHandler::handleFatalError(4, 'syntax error, u...', '/Applications/M...', 7)
#1 [internal function]: ErrorHandler::handleError(4, 'syntax error, u...', '/Applications/M...', 7, Array)
#2 /Applications/MAMP/htdocs/morikenweb/lib/Cake/Core/App.php(931): call_user_func('ErrorHandler::h...', 4, 'syntax error, u...', '/Applications/M...', 7, Array)
#3 /Applications/MAMP/htdocs/morikenweb/lib/Cake/Core/App.php(904): App::_checkFatalError()
#4 [internal function]: App::shutdown()
#5 {main}
2015-05-13 15:25:40 Error: [MissingActionException] Action ProblemsController::problem_show() could not be found.
Exception Attributes: array (
  'controller' => 'ProblemsController',
  'action' => 'problem_show',
)
Request URL: /morikenweb/problems/problem_show
Stack Trace:
#0 /Applications/MAMP/htdocs/morikenweb/lib/Cake/Routing/Dispatcher.php(193): Controller->invokeAction(Object(CakeRequest))
#1 /Applications/MAMP/htdocs/morikenweb/lib/Cake/Routing/Dispatcher.php(167): Dispatcher->_invoke(Object(ProblemsController), Object(CakeRequest))
#2 /Applications/MAMP/htdocs/morikenweb/app/webroot/index.php(108): Dispatcher->dispatch(Object(CakeRequest), Object(CakeResponse))
#3 {main}
2015-05-13 16:03:09 Error: Fatal Error (1): Call to a member function validates() on a non-object in [/Applications/MAMP/htdocs/morikenweb/app/Controller/ProblemsController.php, line 33]
2015-05-13 16:03:09 Error: [FatalErrorException] Call to a member function validates() on a non-object
Request URL: /morikenweb/problems/evaluate_pre_check
Stack Trace:
#0 /Applications/MAMP/htdocs/morikenweb/lib/Cake/Error/ErrorHandler.php(203): ErrorHandler::handleFatalError(1, 'Call to a membe...', '/Applications/M...', 33)
#1 [internal function]: ErrorHandler::handleError(1, 'Call to a membe...', '/Applications/M...', 33, Array)
#2 /Applications/MAMP/htdocs/morikenweb/lib/Cake/Core/App.php(931): call_user_func('ErrorHandler::h...', 1, 'Call to a membe...', '/Applications/M...', 33, Array)
#3 /Applications/MAMP/htdocs/morikenweb/lib/Cake/Core/App.php(904): App::_checkFatalError()
#4 [internal function]: App::shutdown()
#5 {main}
2015-05-13 17:17:02 Error: [PDOException] SQLSTATE[42000]: Syntax error or access violation: 1064 You have an error in your SQL syntax; check the manual that corresponds to your MySQL server version for the right syntax to use near 'evaluate_content_arrange' at line 1
Request URL: /morikenweb/problems/evaluate_pre_check
Stack Trace:
#0 /Applications/MAMP/htdocs/morikenweb/lib/Cake/Model/Datasource/DboSource.php(458): PDOStatement->execute(Array)
#1 /Applications/MAMP/htdocs/morikenweb/lib/Cake/Model/Datasource/DboSource.php(424): DboSource->_execute('evaluate_conten...', Array)
#2 /Applications/MAMP/htdocs/morikenweb/lib/Cake/Model/Datasource/DboSource.php(666): DboSource->execute('evaluate_conten...', Array, Array)
#3 /Applications/MAMP/htdocs/morikenweb/lib/Cake/Model/Datasource/DboSource.php(609): DboSource->fetchAll('evaluate_conten...', Array, Array)
#4 /Applications/MAMP/htdocs/morikenweb/lib/Cake/Model/Model.php(808): DboSource->query('evaluate_conten...', Array, Object(Evaluate))
#5 /Applications/MAMP/htdocs/morikenweb/app/Controller/ProblemsController.php(33): Model->__call('evaluate_conten...', Array)
#6 /Applications/MAMP/htdocs/morikenweb/app/Controller/ProblemsController.php(33): Evaluate->evaluate_content_arrange(Array)
#7 [internal function]: ProblemsController->evaluate_pre_check()
#8 /Applications/MAMP/htdocs/morikenweb/lib/Cake/Controller/Controller.php(490): ReflectionMethod->invokeArgs(Object(ProblemsController), Array)
#9 /Applications/MAMP/htdocs/morikenweb/lib/Cake/Routing/Dispatcher.php(193): Controller->invokeAction(Object(CakeRequest))
#10 /Applications/MAMP/htdocs/morikenweb/lib/Cake/Routing/Dispatcher.php(167): Dispatcher->_invoke(Object(ProblemsController), Object(CakeRequest))
#11 /Applications/MAMP/htdocs/morikenweb/app/webroot/index.php(108): Dispatcher->dispatch(Object(CakeRequest), Object(CakeResponse))
#12 {main}
2015-05-13 17:55:19 Error: [MissingActionException] Action ProblemsController::evaluate_notice() could not be found.
Exception Attributes: array (
  'controller' => 'ProblemsController',
  'action' => 'evaluate_notice',
)
Request URL: /morikenweb/problems/evaluate_notice
Stack Trace:
#0 /Applications/MAMP/htdocs/morikenweb/lib/Cake/Routing/Dispatcher.php(193): Controller->invokeAction(Object(CakeRequest))
#1 /Applications/MAMP/htdocs/morikenweb/lib/Cake/Routing/Dispatcher.php(167): Dispatcher->_invoke(Object(ProblemsController), Object(CakeRequest))
#2 /Applications/MAMP/htdocs/morikenweb/app/webroot/index.php(108): Dispatcher->dispatch(Object(CakeRequest), Object(CakeResponse))
#3 {main}
2015-05-13 17:55:26 Error: [MissingViewException] View file "/Applications/MAMP/htdocs/morikenweb/app/View/Problems/evaluate_notice.ctp" is missing.
Exception Attributes: array (
  'file' => '/Applications/MAMP/htdocs/morikenweb/app/View/Problems/evaluate_notice.ctp',
)
Request URL: /morikenweb/problems/evaluate_notice
Stack Trace:
#0 /Applications/MAMP/htdocs/morikenweb/lib/Cake/View/View.php(470): View->_getViewFileName(NULL)
#1 /Applications/MAMP/htdocs/morikenweb/lib/Cake/Controller/Controller.php(959): View->render(NULL, NULL)
#2 /Applications/MAMP/htdocs/morikenweb/lib/Cake/Routing/Dispatcher.php(200): Controller->render()
#3 /Applications/MAMP/htdocs/morikenweb/lib/Cake/Routing/Dispatcher.php(167): Dispatcher->_invoke(Object(ProblemsController), Object(CakeRequest))
#4 /Applications/MAMP/htdocs/morikenweb/app/webroot/index.php(108): Dispatcher->dispatch(Object(CakeRequest), Object(CakeResponse))
#5 {main}
2015-05-14 07:37:49 Error: [MissingActionException] Action ProblemsController::evaluate_problem_record() could not be found.
Exception Attributes: array (
  'controller' => 'ProblemsController',
  'action' => 'evaluate_problem_record',
)
Request URL: /morikenweb/problems/evaluate_problem_record
Stack Trace:
#0 /Applications/MAMP/htdocs/morikenweb/lib/Cake/Routing/Dispatcher.php(193): Controller->invokeAction(Object(CakeRequest))
#1 /Applications/MAMP/htdocs/morikenweb/lib/Cake/Routing/Dispatcher.php(167): Dispatcher->_invoke(Object(ProblemsController), Object(CakeRequest))
#2 /Applications/MAMP/htdocs/morikenweb/app/webroot/index.php(108): Dispatcher->dispatch(Object(CakeRequest), Object(CakeResponse))
#3 {main}
2015-05-14 07:37:54 Error: [MissingActionException] Action ProblemsController::evaluate_record() could not be found.
Exception Attributes: array (
  'controller' => 'ProblemsController',
  'action' => 'evaluate_record',
)
Request URL: /morikenweb/problems/evaluate_record
Stack Trace:
#0 /Applications/MAMP/htdocs/morikenweb/lib/Cake/Routing/Dispatcher.php(193): Controller->invokeAction(Object(CakeRequest))
#1 /Applications/MAMP/htdocs/morikenweb/lib/Cake/Routing/Dispatcher.php(167): Dispatcher->_invoke(Object(ProblemsController), Object(CakeRequest))
#2 /Applications/MAMP/htdocs/morikenweb/app/webroot/index.php(108): Dispatcher->dispatch(Object(CakeRequest), Object(CakeResponse))
#3 {main}
2015-05-14 07:40:39 Error: [MissingActionException] Action ProblemsController::evaluate_record() could not be found.
Exception Attributes: array (
  'controller' => 'ProblemsController',
  'action' => 'evaluate_record',
)
Request URL: /morikenweb/problems/evaluate_record
Stack Trace:
#0 /Applications/MAMP/htdocs/morikenweb/lib/Cake/Routing/Dispatcher.php(193): Controller->invokeAction(Object(CakeRequest))
#1 /Applications/MAMP/htdocs/morikenweb/lib/Cake/Routing/Dispatcher.php(167): Dispatcher->_invoke(Object(ProblemsController), Object(CakeRequest))
#2 /Applications/MAMP/htdocs/morikenweb/app/webroot/index.php(108): Dispatcher->dispatch(Object(CakeRequest), Object(CakeResponse))
#3 {main}
2015-05-20 12:22:32 Error: [MissingActionException] Action ProblemsController::evaluate_problem_show() could not be found.
Exception Attributes: array (
  'controller' => 'ProblemsController',
  'action' => 'evaluate_problem_show',
)
Request URL: /morikenweb/problems/evaluate_problem_show
Stack Trace:
#0 /Applications/MAMP/htdocs/morikenweb/lib/Cake/Routing/Dispatcher.php(193): Controller->invokeAction(Object(CakeRequest))
#1 /Applications/MAMP/htdocs/morikenweb/lib/Cake/Routing/Dispatcher.php(167): Dispatcher->_invoke(Object(ProblemsController), Object(CakeRequest))
#2 /Applications/MAMP/htdocs/morikenweb/app/webroot/index.php(108): Dispatcher->dispatch(Object(CakeRequest), Object(CakeResponse))
#3 {main}
2015-05-20 12:31:33 Error: [MissingViewException] View file "/Applications/MAMP/htdocs/morikenweb/app/View/Problems/check_evaluation_problem.ctp" is missing.
Exception Attributes: array (
  'file' => '/Applications/MAMP/htdocs/morikenweb/app/View/Problems/check_evaluation_problem.ctp',
)
Request URL: /morikenweb/problems/check_evaluation_problem/1604
Stack Trace:
#0 /Applications/MAMP/htdocs/morikenweb/lib/Cake/View/View.php(470): View->_getViewFileName(NULL)
#1 /Applications/MAMP/htdocs/morikenweb/lib/Cake/Controller/Controller.php(959): View->render(NULL, NULL)
#2 /Applications/MAMP/htdocs/morikenweb/lib/Cake/Routing/Dispatcher.php(200): Controller->render()
#3 /Applications/MAMP/htdocs/morikenweb/lib/Cake/Routing/Dispatcher.php(167): Dispatcher->_invoke(Object(ProblemsController), Object(CakeRequest))
#4 /Applications/MAMP/htdocs/morikenweb/app/webroot/index.php(108): Dispatcher->dispatch(Object(CakeRequest), Object(CakeResponse))
#5 {main}
2015-05-20 13:26:55 Error: [MissingActionException] Action ProblemsController::confirm() could not be found.
Exception Attributes: array (
  'controller' => 'ProblemsController',
  'action' => 'confirm',
)
Request URL: /morikenweb/problems/confirm
Stack Trace:
#0 /Applications/MAMP/htdocs/morikenweb/lib/Cake/Routing/Dispatcher.php(193): Controller->invokeAction(Object(CakeRequest))
#1 /Applications/MAMP/htdocs/morikenweb/lib/Cake/Routing/Dispatcher.php(167): Dispatcher->_invoke(Object(ProblemsController), Object(CakeRequest))
#2 /Applications/MAMP/htdocs/morikenweb/app/webroot/index.php(108): Dispatcher->dispatch(Object(CakeRequest), Object(CakeResponse))
#3 {main}
2015-05-26 20:12:16 Error: Fatal Error (4): syntax error, unexpected '{' in [/Applications/MAMP/htdocs/morikenweb/app/Model/Evaluate.php, line 53]
2015-05-26 20:12:16 Error: [FatalErrorException] syntax error, unexpected '{'
Request URL: /morikenweb/problems/notice_evaluation
Stack Trace:
#0 /Applications/MAMP/htdocs/morikenweb/lib/Cake/Error/ErrorHandler.php(203): ErrorHandler::handleFatalError(4, 'syntax error, u...', '/Applications/M...', 53)
#1 [internal function]: ErrorHandler::handleError(4, 'syntax error, u...', '/Applications/M...', 53, Array)
#2 /Applications/MAMP/htdocs/morikenweb/lib/Cake/Core/App.php(931): call_user_func('ErrorHandler::h...', 4, 'syntax error, u...', '/Applications/M...', 53, Array)
#3 /Applications/MAMP/htdocs/morikenweb/lib/Cake/Core/App.php(904): App::_checkFatalError()
#4 [internal function]: App::shutdown()
#5 {main}
2015-05-26 20:12:56 Error: Fatal Error (4): syntax error, unexpected '}' in [/Applications/MAMP/htdocs/morikenweb/app/Model/Evaluate.php, line 65]
2015-05-26 20:12:56 Error: [FatalErrorException] syntax error, unexpected '}'
Request URL: /morikenweb/problems/notice_evaluation
Stack Trace:
#0 /Applications/MAMP/htdocs/morikenweb/lib/Cake/Error/ErrorHandler.php(203): ErrorHandler::handleFatalError(4, 'syntax error, u...', '/Applications/M...', 65)
#1 [internal function]: ErrorHandler::handleError(4, 'syntax error, u...', '/Applications/M...', 65, Array)
#2 /Applications/MAMP/htdocs/morikenweb/lib/Cake/Core/App.php(931): call_user_func('ErrorHandler::h...', 4, 'syntax error, u...', '/Applications/M...', 65, Array)
#3 /Applications/MAMP/htdocs/morikenweb/lib/Cake/Core/App.php(904): App::_checkFatalError()
#4 [internal function]: App::shutdown()
#5 {main}
2015-05-26 20:13:15 Error: Fatal Error (4): syntax error, unexpected '?>', expecting function (T_FUNCTION) in [/Applications/MAMP/htdocs/morikenweb/app/Model/Evaluate.php, line 75]
2015-05-26 20:13:15 Error: [FatalErrorException] syntax error, unexpected '?>', expecting function (T_FUNCTION)
Request URL: /morikenweb/problems/notice_evaluation
Stack Trace:
#0 /Applications/MAMP/htdocs/morikenweb/lib/Cake/Error/ErrorHandler.php(203): ErrorHandler::handleFatalError(4, 'syntax error, u...', '/Applications/M...', 75)
#1 [internal function]: ErrorHandler::handleError(4, 'syntax error, u...', '/Applications/M...', 75, Array)
#2 /Applications/MAMP/htdocs/morikenweb/lib/Cake/Core/App.php(931): call_user_func('ErrorHandler::h...', 4, 'syntax error, u...', '/Applications/M...', 75, Array)
#3 /Applications/MAMP/htdocs/morikenweb/lib/Cake/Core/App.php(904): App::_checkFatalError()
#4 [internal function]: App::shutdown()
#5 {main}
2015-05-26 20:17:43 Error: Fatal Error (4): syntax error, unexpected '' (T_ENCAPSED_AND_WHITESPACE), expecting identifier (T_STRING) or variable (T_VARIABLE) or number (T_NUM_STRING) in [/Applications/MAMP/htdocs/morikenweb/app/Model/Evaluate.php, line 57]
2015-05-26 20:17:43 Error: [FatalErrorException] syntax error, unexpected '' (T_ENCAPSED_AND_WHITESPACE), expecting identifier (T_STRING) or variable (T_VARIABLE) or number (T_NUM_STRING)
Request URL: /morikenweb/problems/notice_evaluation
Stack Trace:
#0 /Applications/MAMP/htdocs/morikenweb/lib/Cake/Error/ErrorHandler.php(203): ErrorHandler::handleFatalError(4, 'syntax error, u...', '/Applications/M...', 57)
#1 [internal function]: ErrorHandler::handleError(4, 'syntax error, u...', '/Applications/M...', 57, Array)
#2 /Applications/MAMP/htdocs/morikenweb/lib/Cake/Core/App.php(931): call_user_func('ErrorHandler::h...', 4, 'syntax error, u...', '/Applications/M...', 57, Array)
#3 /Applications/MAMP/htdocs/morikenweb/lib/Cake/Core/App.php(904): App::_checkFatalError()
#4 [internal function]: App::shutdown()
#5 {main}
2015-05-26 20:24:54 Error: Fatal Error (1): Cannot use string offset as an array in [/Applications/MAMP/htdocs/morikenweb/app/Model/Evaluate.php, line 64]
2015-05-26 20:24:54 Error: [FatalErrorException] Cannot use string offset as an array
Request URL: /morikenweb/problems/notice_evaluation
Stack Trace:
#0 /Applications/MAMP/htdocs/morikenweb/lib/Cake/Error/ErrorHandler.php(203): ErrorHandler::handleFatalError(1, 'Cannot use stri...', '/Applications/M...', 64)
#1 [internal function]: ErrorHandler::handleError(1, 'Cannot use stri...', '/Applications/M...', 64, Array)
#2 /Applications/MAMP/htdocs/morikenweb/lib/Cake/Core/App.php(931): call_user_func('ErrorHandler::h...', 1, 'Cannot use stri...', '/Applications/M...', 64, Array)
#3 /Applications/MAMP/htdocs/morikenweb/lib/Cake/Core/App.php(904): App::_checkFatalError()
#4 [internal function]: App::shutdown()
#5 {main}
2015-05-26 20:25:54 Error: Fatal Error (1): Cannot use string offset as an array in [/Applications/MAMP/htdocs/morikenweb/app/Model/Evaluate.php, line 65]
2015-05-26 20:25:54 Error: [FatalErrorException] Cannot use string offset as an array
Request URL: /morikenweb/problems/notice_evaluation
Stack Trace:
#0 /Applications/MAMP/htdocs/morikenweb/lib/Cake/Error/ErrorHandler.php(203): ErrorHandler::handleFatalError(1, 'Cannot use stri...', '/Applications/M...', 65)
#1 [internal function]: ErrorHandler::handleError(1, 'Cannot use stri...', '/Applications/M...', 65, Array)
#2 /Applications/MAMP/htdocs/morikenweb/lib/Cake/Core/App.php(931): call_user_func('ErrorHandler::h...', 1, 'Cannot use stri...', '/Applications/M...', 65, Array)
#3 /Applications/MAMP/htdocs/morikenweb/lib/Cake/Core/App.php(904): App::_checkFatalError()
#4 [internal function]: App::shutdown()
#5 {main}
2015-05-26 20:27:32 Error: Fatal Error (1): Cannot use string offset as an array in [/Applications/MAMP/htdocs/morikenweb/app/Model/Evaluate.php, line 64]
2015-05-26 20:27:32 Error: [FatalErrorException] Cannot use string offset as an array
Request URL: /morikenweb/problems/notice_evaluation
Stack Trace:
#0 /Applications/MAMP/htdocs/morikenweb/lib/Cake/Error/ErrorHandler.php(203): ErrorHandler::handleFatalError(1, 'Cannot use stri...', '/Applications/M...', 64)
#1 [internal function]: ErrorHandler::handleError(1, 'Cannot use stri...', '/Applications/M...', 64, Array)
#2 /Applications/MAMP/htdocs/morikenweb/lib/Cake/Core/App.php(931): call_user_func('ErrorHandler::h...', 1, 'Cannot use stri...', '/Applications/M...', 64, Array)
#3 /Applications/MAMP/htdocs/morikenweb/lib/Cake/Core/App.php(904): App::_checkFatalError()
#4 [internal function]: App::shutdown()
#5 {main}
2015-05-26 20:28:04 Error: Fatal Error (1): Cannot use string offset as an array in [/Applications/MAMP/htdocs/morikenweb/app/Model/Evaluate.php, line 64]
2015-05-26 20:28:04 Error: [FatalErrorException] Cannot use string offset as an array
Request URL: /morikenweb/problems/notice_evaluation
Stack Trace:
#0 /Applications/MAMP/htdocs/morikenweb/lib/Cake/Error/ErrorHandler.php(203): ErrorHandler::handleFatalError(1, 'Cannot use stri...', '/Applications/M...', 64)
#1 [internal function]: ErrorHandler::handleError(1, 'Cannot use stri...', '/Applications/M...', 64, Array)
#2 /Applications/MAMP/htdocs/morikenweb/lib/Cake/Core/App.php(931): call_user_func('ErrorHandler::h...', 1, 'Cannot use stri...', '/Applications/M...', 64, Array)
#3 /Applications/MAMP/htdocs/morikenweb/lib/Cake/Core/App.php(904): App::_checkFatalError()
#4 [internal function]: App::shutdown()
#5 {main}
2015-05-26 20:29:30 Error: Fatal Error (1): Cannot use string offset as an array in [/Applications/MAMP/htdocs/morikenweb/app/Model/Evaluate.php, line 64]
2015-05-26 20:29:30 Error: [FatalErrorException] Cannot use string offset as an array
Request URL: /morikenweb/problems/notice_evaluation
Stack Trace:
#0 /Applications/MAMP/htdocs/morikenweb/lib/Cake/Error/ErrorHandler.php(203): ErrorHandler::handleFatalError(1, 'Cannot use stri...', '/Applications/M...', 64)
#1 [internal function]: ErrorHandler::handleError(1, 'Cannot use stri...', '/Applications/M...', 64, Array)
#2 /Applications/MAMP/htdocs/morikenweb/lib/Cake/Core/App.php(931): call_user_func('ErrorHandler::h...', 1, 'Cannot use stri...', '/Applications/M...', 64, Array)
#3 /Applications/MAMP/htdocs/morikenweb/lib/Cake/Core/App.php(904): App::_checkFatalError()
#4 [internal function]: App::shutdown()
#5 {main}
2015-05-26 20:50:49 Error: Fatal Error (4): syntax error, unexpected ']' in [/Applications/MAMP/htdocs/morikenweb/app/Model/Evaluate.php, line 65]
2015-05-26 20:50:49 Error: [FatalErrorException] syntax error, unexpected ']'
Request URL: /morikenweb/problems/notice_evaluation
Stack Trace:
#0 /Applications/MAMP/htdocs/morikenweb/lib/Cake/Error/ErrorHandler.php(203): ErrorHandler::handleFatalError(4, 'syntax error, u...', '/Applications/M...', 65)
#1 [internal function]: ErrorHandler::handleError(4, 'syntax error, u...', '/Applications/M...', 65, Array)
#2 /Applications/MAMP/htdocs/morikenweb/lib/Cake/Core/App.php(931): call_user_func('ErrorHandler::h...', 4, 'syntax error, u...', '/Applications/M...', 65, Array)
#3 /Applications/MAMP/htdocs/morikenweb/lib/Cake/Core/App.php(904): App::_checkFatalError()
#4 [internal function]: App::shutdown()
#5 {main}
2015-05-26 20:51:00 Error: Fatal Error (1): Cannot use string offset as an array in [/Applications/MAMP/htdocs/morikenweb/app/Model/Evaluate.php, line 66]
2015-05-26 20:51:00 Error: [FatalErrorException] Cannot use string offset as an array
Request URL: /morikenweb/problems/notice_evaluation
Stack Trace:
#0 /Applications/MAMP/htdocs/morikenweb/lib/Cake/Error/ErrorHandler.php(203): ErrorHandler::handleFatalError(1, 'Cannot use stri...', '/Applications/M...', 66)
#1 [internal function]: ErrorHandler::handleError(1, 'Cannot use stri...', '/Applications/M...', 66, Array)
#2 /Applications/MAMP/htdocs/morikenweb/lib/Cake/Core/App.php(931): call_user_func('ErrorHandler::h...', 1, 'Cannot use stri...', '/Applications/M...', 66, Array)
#3 /Applications/MAMP/htdocs/morikenweb/lib/Cake/Core/App.php(904): App::_checkFatalError()
#4 [internal function]: App::shutdown()
#5 {main}
2015-05-26 22:02:10 Error: Fatal Error (4): syntax error, unexpected '<' in [/Applications/MAMP/htdocs/morikenweb/app/View/Problems/notice_evaluation.ctp, line 18]
2015-05-26 22:02:10 Error: [FatalErrorException] syntax error, unexpected '<'
Request URL: /morikenweb/problems/notice_evaluation
Stack Trace:
#0 /Applications/MAMP/htdocs/morikenweb/lib/Cake/Error/ErrorHandler.php(203): ErrorHandler::handleFatalError(4, 'syntax error, u...', '/Applications/M...', 18)
#1 [internal function]: ErrorHandler::handleError(4, 'syntax error, u...', '/Applications/M...', 18, Array)
#2 /Applications/MAMP/htdocs/morikenweb/lib/Cake/Core/App.php(931): call_user_func('ErrorHandler::h...', 4, 'syntax error, u...', '/Applications/M...', 18, Array)
#3 /Applications/MAMP/htdocs/morikenweb/lib/Cake/Core/App.php(904): App::_checkFatalError()
#4 [internal function]: App::shutdown()
#5 {main}
2015-05-27 08:41:05 Error: [MissingActionException] Action ProblemsController::evaluate_problem_show() could not be found.
Exception Attributes: array (
  'controller' => 'ProblemsController',
  'action' => 'evaluate_problem_show',
)
Request URL: /morikenweb/problems/evaluate_problem_show
Stack Trace:
#0 /Applications/MAMP/htdocs/morikenweb/lib/Cake/Routing/Dispatcher.php(193): Controller->invokeAction(Object(CakeRequest))
#1 /Applications/MAMP/htdocs/morikenweb/lib/Cake/Routing/Dispatcher.php(167): Dispatcher->_invoke(Object(ProblemsController), Object(CakeRequest))
#2 /Applications/MAMP/htdocs/morikenweb/app/webroot/index.php(108): Dispatcher->dispatch(Object(CakeRequest), Object(CakeResponse))
#3 {main}
2015-05-27 09:12:19 Error: Fatal Error (4): syntax error, unexpected ';' in [/Applications/MAMP/htdocs/morikenweb/app/View/Problems/notice_evaluation.ctp, line 30]
2015-05-27 09:12:19 Error: [FatalErrorException] syntax error, unexpected ';'
Request URL: /morikenweb/problems/notice_evaluation
Stack Trace:
#0 /Applications/MAMP/htdocs/morikenweb/lib/Cake/Error/ErrorHandler.php(203): ErrorHandler::handleFatalError(4, 'syntax error, u...', '/Applications/M...', 30)
#1 [internal function]: ErrorHandler::handleError(4, 'syntax error, u...', '/Applications/M...', 30, Array)
#2 /Applications/MAMP/htdocs/morikenweb/lib/Cake/Core/App.php(931): call_user_func('ErrorHandler::h...', 4, 'syntax error, u...', '/Applications/M...', 30, Array)
#3 /Applications/MAMP/htdocs/morikenweb/lib/Cake/Core/App.php(904): App::_checkFatalError()
#4 [internal function]: App::shutdown()
#5 {main}
2015-05-27 10:16:41 Error: [MissingActionException] Action ProblemsController::confirm_evaluate() could not be found.
Exception Attributes: array (
  'controller' => 'ProblemsController',
  'action' => 'confirm_evaluate',
)
Request URL: /morikenweb/problems/confirm_evaluate?problem_id=977
Stack Trace:
#0 /Applications/MAMP/htdocs/morikenweb/lib/Cake/Routing/Dispatcher.php(193): Controller->invokeAction(Object(CakeRequest))
#1 /Applications/MAMP/htdocs/morikenweb/lib/Cake/Routing/Dispatcher.php(167): Dispatcher->_invoke(Object(ProblemsController), Object(CakeRequest))
#2 /Applications/MAMP/htdocs/morikenweb/app/webroot/index.php(108): Dispatcher->dispatch(Object(CakeRequest), Object(CakeResponse))
#3 {main}
2015-05-27 10:17:50 Error: [MissingActionException] Action ProblemsController::confirm_evaluate() could not be found.
Exception Attributes: array (
  'controller' => 'ProblemsController',
  'action' => 'confirm_evaluate',
)
Request URL: /morikenweb/problems/confirm_evaluate?problem_id=977
Stack Trace:
#0 /Applications/MAMP/htdocs/morikenweb/lib/Cake/Routing/Dispatcher.php(193): Controller->invokeAction(Object(CakeRequest))
#1 /Applications/MAMP/htdocs/morikenweb/lib/Cake/Routing/Dispatcher.php(167): Dispatcher->_invoke(Object(ProblemsController), Object(CakeRequest))
#2 /Applications/MAMP/htdocs/morikenweb/app/webroot/index.php(108): Dispatcher->dispatch(Object(CakeRequest), Object(CakeResponse))
#3 {main}
2015-05-27 10:17:54 Error: [MissingActionException] Action ProblemsController::confirm_evaluate() could not be found.
Exception Attributes: array (
  'controller' => 'ProblemsController',
  'action' => 'confirm_evaluate',
)
Request URL: /morikenweb/problems/confirm_evaluate?problem_id=977
Stack Trace:
#0 /Applications/MAMP/htdocs/morikenweb/lib/Cake/Routing/Dispatcher.php(193): Controller->invokeAction(Object(CakeRequest))
#1 /Applications/MAMP/htdocs/morikenweb/lib/Cake/Routing/Dispatcher.php(167): Dispatcher->_invoke(Object(ProblemsController), Object(CakeRequest))
#2 /Applications/MAMP/htdocs/morikenweb/app/webroot/index.php(108): Dispatcher->dispatch(Object(CakeRequest), Object(CakeResponse))
#3 {main}
2015-05-27 15:16:44 Error: Fatal Error (4): syntax error, unexpected '$data' (T_VARIABLE) in [/Applications/MAMP/htdocs/morikenweb/app/Model/Evaluate.php, line 90]
2015-05-27 15:16:44 Error: [FatalErrorException] syntax error, unexpected '$data' (T_VARIABLE)
Request URL: /morikenweb/problems/confirm_evaluation/977
Stack Trace:
#0 /Applications/MAMP/htdocs/morikenweb/lib/Cake/Error/ErrorHandler.php(203): ErrorHandler::handleFatalError(4, 'syntax error, u...', '/Applications/M...', 90)
#1 [internal function]: ErrorHandler::handleError(4, 'syntax error, u...', '/Applications/M...', 90, Array)
#2 /Applications/MAMP/htdocs/morikenweb/lib/Cake/Core/App.php(931): call_user_func('ErrorHandler::h...', 4, 'syntax error, u...', '/Applications/M...', 90, Array)
#3 /Applications/MAMP/htdocs/morikenweb/lib/Cake/Core/App.php(904): App::_checkFatalError()
#4 [internal function]: App::shutdown()
#5 {main}
2015-05-27 15:35:09 Error: Fatal Error (4): syntax error, unexpected ')' in [/Applications/MAMP/htdocs/morikenweb/app/Model/Evaluate.php, line 91]
2015-05-27 15:35:09 Error: [FatalErrorException] syntax error, unexpected ')'
Request URL: /morikenweb/problems/confirm_evaluation/977
Stack Trace:
#0 /Applications/MAMP/htdocs/morikenweb/lib/Cake/Error/ErrorHandler.php(203): ErrorHandler::handleFatalError(4, 'syntax error, u...', '/Applications/M...', 91)
#1 [internal function]: ErrorHandler::handleError(4, 'syntax error, u...', '/Applications/M...', 91, Array)
#2 /Applications/MAMP/htdocs/morikenweb/lib/Cake/Core/App.php(931): call_user_func('ErrorHandler::h...', 4, 'syntax error, u...', '/Applications/M...', 91, Array)
#3 /Applications/MAMP/htdocs/morikenweb/lib/Cake/Core/App.php(904): App::_checkFatalError()
#4 [internal function]: App::shutdown()
#5 {main}
2015-05-27 23:08:54 Error: Fatal Error (4): syntax error, unexpected '}' in [/Applications/MAMP/htdocs/morikenweb/app/Controller/ProblemsController.php, line 57]
2015-05-27 23:08:54 Error: [FatalErrorException] syntax error, unexpected '}'
Request URL: /morikenweb/problems/check_evaluation_problem/974
Stack Trace:
#0 /Applications/MAMP/htdocs/morikenweb/lib/Cake/Error/ErrorHandler.php(203): ErrorHandler::handleFatalError(4, 'syntax error, u...', '/Applications/M...', 57)
#1 [internal function]: ErrorHandler::handleError(4, 'syntax error, u...', '/Applications/M...', 57, Array)
#2 /Applications/MAMP/htdocs/morikenweb/lib/Cake/Core/App.php(931): call_user_func('ErrorHandler::h...', 4, 'syntax error, u...', '/Applications/M...', 57, Array)
#3 /Applications/MAMP/htdocs/morikenweb/lib/Cake/Core/App.php(904): App::_checkFatalError()
#4 [internal function]: App::shutdown()
#5 {main}
2015-05-27 23:38:02 Error: Fatal Error (4): syntax error, unexpected ';' in [/Applications/MAMP/htdocs/morikenweb/app/Controller/ProblemsController.php, line 58]
2015-05-27 23:38:02 Error: [FatalErrorException] syntax error, unexpected ';'
Request URL: /morikenweb/problems/check_evaluation_problem/968
Stack Trace:
#0 /Applications/MAMP/htdocs/morikenweb/lib/Cake/Error/ErrorHandler.php(203): ErrorHandler::handleFatalError(4, 'syntax error, u...', '/Applications/M...', 58)
#1 [internal function]: ErrorHandler::handleError(4, 'syntax error, u...', '/Applications/M...', 58, Array)
#2 /Applications/MAMP/htdocs/morikenweb/lib/Cake/Core/App.php(931): call_user_func('ErrorHandler::h...', 4, 'syntax error, u...', '/Applications/M...', 58, Array)
#3 /Applications/MAMP/htdocs/morikenweb/lib/Cake/Core/App.php(904): App::_checkFatalError()
#4 [internal function]: App::shutdown()
#5 {main}
2015-05-28 00:09:07 Error: Fatal Error (4): syntax error, unexpected '=>' (T_DOUBLE_ARROW) in [/Applications/MAMP/htdocs/morikenweb/app/View/Problems/notice_evaluation.ctp, line 19]
2015-05-28 00:09:07 Error: [FatalErrorException] syntax error, unexpected '=>' (T_DOUBLE_ARROW)
Request URL: /morikenweb/problems/notice_evaluation
Stack Trace:
#0 /Applications/MAMP/htdocs/morikenweb/lib/Cake/Error/ErrorHandler.php(203): ErrorHandler::handleFatalError(4, 'syntax error, u...', '/Applications/M...', 19)
#1 [internal function]: ErrorHandler::handleError(4, 'syntax error, u...', '/Applications/M...', 19, Array)
#2 /Applications/MAMP/htdocs/morikenweb/lib/Cake/Core/App.php(931): call_user_func('ErrorHandler::h...', 4, 'syntax error, u...', '/Applications/M...', 19, Array)
#3 /Applications/MAMP/htdocs/morikenweb/lib/Cake/Core/App.php(904): App::_checkFatalError()
#4 [internal function]: App::shutdown()
#5 {main}
2015-06-10 11:47:25 Error: [MissingActionException] Action ProblemsController::problem_show() could not be found.
Exception Attributes: array (
  'controller' => 'ProblemsController',
  'action' => 'problem_show',
)
Request URL: /morikenweb/problems/problem_show
Stack Trace:
#0 /Applications/MAMP/htdocs/morikenweb/lib/Cake/Routing/Dispatcher.php(193): Controller->invokeAction(Object(CakeRequest))
#1 /Applications/MAMP/htdocs/morikenweb/lib/Cake/Routing/Dispatcher.php(167): Dispatcher->_invoke(Object(ProblemsController), Object(CakeRequest))
#2 /Applications/MAMP/htdocs/morikenweb/app/webroot/index.php(108): Dispatcher->dispatch(Object(CakeRequest), Object(CakeResponse))
#3 {main}
2015-06-10 12:22:09 Error: [MissingActionException] Action ProblemsController::evaluate_problem_show() could not be found.
Exception Attributes: array (
  'controller' => 'ProblemsController',
  'action' => 'evaluate_problem_show',
)
Request URL: /morikenweb/problems/evaluate_problem_show
Stack Trace:
#0 /Applications/MAMP/htdocs/morikenweb/lib/Cake/Routing/Dispatcher.php(193): Controller->invokeAction(Object(CakeRequest))
#1 /Applications/MAMP/htdocs/morikenweb/lib/Cake/Routing/Dispatcher.php(167): Dispatcher->_invoke(Object(ProblemsController), Object(CakeRequest))
#2 /Applications/MAMP/htdocs/morikenweb/app/webroot/index.php(108): Dispatcher->dispatch(Object(CakeRequest), Object(CakeResponse))
#3 {main}
2015-06-10 12:22:36 Error: [MissingActionException] Action ProblemsController::show_evaluate_problem() could not be found.
Exception Attributes: array (
  'controller' => 'ProblemsController',
  'action' => 'show_evaluate_problem',
)
Request URL: /morikenweb/problems/show_evaluate_problem
Stack Trace:
#0 /Applications/MAMP/htdocs/morikenweb/lib/Cake/Routing/Dispatcher.php(193): Controller->invokeAction(Object(CakeRequest))
#1 /Applications/MAMP/htdocs/morikenweb/lib/Cake/Routing/Dispatcher.php(167): Dispatcher->_invoke(Object(ProblemsController), Object(CakeRequest))
#2 /Applications/MAMP/htdocs/morikenweb/app/webroot/index.php(108): Dispatcher->dispatch(Object(CakeRequest), Object(CakeResponse))
#3 {main}
2015-06-10 20:26:11 Error: [PDOException] SQLSTATE[42000]: Syntax error or access violation: 1064 You have an error in your SQL syntax; check the manual that corresponds to your MySQL server version for the right syntax to use near 'arrange_notice_info' at line 1
Request URL: /morikenweb/problems/notice_evaluation
Stack Trace:
#0 /Applications/MAMP/htdocs/morikenweb/lib/Cake/Model/Datasource/DboSource.php(458): PDOStatement->execute(Array)
#1 /Applications/MAMP/htdocs/morikenweb/lib/Cake/Model/Datasource/DboSource.php(424): DboSource->_execute('arrange_notice_...', Array)
#2 /Applications/MAMP/htdocs/morikenweb/lib/Cake/Model/Datasource/DboSource.php(666): DboSource->execute('arrange_notice_...', Array, Array)
#3 /Applications/MAMP/htdocs/morikenweb/lib/Cake/Model/Datasource/DboSource.php(609): DboSource->fetchAll('arrange_notice_...', Array, Array)
#4 /Applications/MAMP/htdocs/morikenweb/lib/Cake/Model/Model.php(808): DboSource->query('arrange_notice_...', Array, Object(Evaluate))
#5 /Applications/MAMP/htdocs/morikenweb/app/Controller/ProblemsController.php(92): Model->__call('arrange_notice_...', Array)
#6 /Applications/MAMP/htdocs/morikenweb/app/Controller/ProblemsController.php(92): Evaluate->arrange_notice_info(Array)
#7 [internal function]: ProblemsController->notice_evaluation()
#8 /Applications/MAMP/htdocs/morikenweb/lib/Cake/Controller/Controller.php(490): ReflectionMethod->invokeArgs(Object(ProblemsController), Array)
#9 /Applications/MAMP/htdocs/morikenweb/lib/Cake/Routing/Dispatcher.php(193): Controller->invokeAction(Object(CakeRequest))
#10 /Applications/MAMP/htdocs/morikenweb/lib/Cake/Routing/Dispatcher.php(167): Dispatcher->_invoke(Object(ProblemsController), Object(CakeRequest))
#11 /Applications/MAMP/htdocs/morikenweb/app/webroot/index.php(108): Dispatcher->dispatch(Object(CakeRequest), Object(CakeResponse))
#12 {main}
